<?xml version="1.0" encoding="utf-8"?>
<TestRun id="2278e732-d940-481e-ae51-5d07282fcb9f" name="kc@DESKTOP-NI4E81O 2022-10-04 16:43:21" runUser="DESKTOP-NI4E81O\kc" xmlns="http://microsoft.com/schemas/VisualStudio/TeamTest/2010">
  <Times creation="2022-10-04T16:43:21.5477077+05:00" queuing="2022-10-04T16:43:21.5477077+05:00" start="2022-10-04T16:43:19.8603254+05:00" finish="2022-10-04T16:44:35.3333037+05:00" />
  <TestSettings name="default" id="771f48a7-4933-41c5-841b-b6c84dfc9923">
    <Deployment runDeploymentRoot="kc_DESKTOP-NI4E81O_2022-10-04_16_43_21" />
  </TestSettings>
  <Results>
    <UnitTestResult executionId="68f05c09-df81-4ba6-8b0f-81723c2614a1" testId="2a0d1b7f-fb84-4a7c-ec48-5e2b9fd5ddc9" testName="LoginButton_Invalid" computerName="DESKTOP-NI4E81O" duration="00:00:00.0004819" startTime="2022-10-04T16:43:20.5634221+05:00" endTime="2022-10-04T16:43:20.5634221+05:00" testType="13cdc9d9-ddb5-4fa4-a97d-d965ccfc6d4b" outcome="Failed" testListId="8c84fa94-04c1-424b-9868-57a2d4851a1d" relativeResultsDirectory="68f05c09-df81-4ba6-8b0f-81723c2614a1">
      <Output>
        <ErrorInfo>
          <Message>The unit test adapter failed to connect to the data source or to read the data. For more information on troubleshooting this error, see "Troubleshooting Data-Driven Unit Tests" (http://go.microsoft.com/fwlink/?LinkId=62412) in the MSDN Library. Error details: Object reference not set to an instance of an object.</Message>
          <StackTrace>   at Microsoft.VisualStudio.TestPlatform.MSTestAdapter.PlatformServices.TestDataSource.GetData(ITestMethod testMethodInfo, ITestContext testContext)&#xD;
</StackTrace>
        </ErrorInfo>
      </Output>
    </UnitTestResult>
    <UnitTestResult executionId="1f83ce4c-5152-4cb0-b815-6905bf9d2372" testId="85f12f60-a83c-47f0-bd9f-3b050c03b586" testName="ForElementText" computerName="DESKTOP-NI4E81O" duration="00:00:31.9832612" startTime="2022-10-04T16:43:20.5634221+05:00" endTime="2022-10-04T16:43:52.5611611+05:00" testType="13cdc9d9-ddb5-4fa4-a97d-d965ccfc6d4b" outcome="Passed" testListId="8c84fa94-04c1-424b-9868-57a2d4851a1d" relativeResultsDirectory="1f83ce4c-5152-4cb0-b815-6905bf9d2372" />
    <UnitTestResult executionId="125693e3-92a5-46a4-937a-1f3961dcec9b" testId="5f526f7e-6db2-82d0-1075-754c0173ef74" testName="LoginButton_Valid" computerName="DESKTOP-NI4E81O" duration="00:00:00.0704575" startTime="2022-10-04T16:43:20.4071580+05:00" endTime="2022-10-04T16:43:20.5477988+05:00" testType="13cdc9d9-ddb5-4fa4-a97d-d965ccfc6d4b" outcome="Failed" testListId="8c84fa94-04c1-424b-9868-57a2d4851a1d" relativeResultsDirectory="125693e3-92a5-46a4-937a-1f3961dcec9b">
      <Output>
        <ErrorInfo>
          <Message>The unit test adapter failed to connect to the data source or to read the data. For more information on troubleshooting this error, see "Troubleshooting Data-Driven Unit Tests" (http://go.microsoft.com/fwlink/?LinkId=62412) in the MSDN Library. Error details: Object reference not set to an instance of an object.</Message>
          <StackTrace>   at Microsoft.VisualStudio.TestPlatform.MSTestAdapter.PlatformServices.TestDataSource.GetData(ITestMethod testMethodInfo, ITestContext testContext)&#xD;
</StackTrace>
        </ErrorInfo>
      </Output>
    </UnitTestResult>
    <UnitTestResult executionId="3ac852fd-6975-482b-894a-7b2f901d6bda" testId="0928611a-1ce4-4eb9-87ae-f79d49e273af" testName="Registration" computerName="DESKTOP-NI4E81O" duration="00:00:42.6498988" startTime="2022-10-04T16:43:52.5611611+05:00" endTime="2022-10-04T16:44:35.2109024+05:00" testType="13cdc9d9-ddb5-4fa4-a97d-d965ccfc6d4b" outcome="Failed" testListId="8c84fa94-04c1-424b-9868-57a2d4851a1d" relativeResultsDirectory="3ac852fd-6975-482b-894a-7b2f901d6bda">
      <Output>
        <ErrorInfo>
          <Message>Test method PriceOye.Automation.Registration threw exception: &#xD;
OpenQA.Selenium.ElementNotInteractableException: element not interactable: [object HTMLInputElement] has no size and location
  (Session info: chrome=106.0.5249.91)</Message>
          <StackTrace>    at OpenQA.Selenium.WebDriver.UnpackAndThrowOnError(Response errorResponse, String commandToExecute)&#xD;
   at OpenQA.Selenium.WebDriver.Execute(String driverCommandToExecute, Dictionary`2 parameters)&#xD;
   at OpenQA.Selenium.WebDriver.PerformActions(IList`1 actionSequenceList)&#xD;
   at OpenQA.Selenium.Interactions.Actions.Perform()&#xD;
   at PriceOye.Common_Method.CLick(By locator) in C:\Users\kc\Source\Repos\PriceOye\PriceOye\Common Methods.cs:line 71&#xD;
   at PriceOye.ForRegistration.ClickFirstName() in C:\Users\kc\Source\Repos\PriceOye\PriceOye\ForRegistration.cs:line 74&#xD;
   at PriceOye.Automation.Registration() in C:\Users\kc\Source\Repos\PriceOye\PriceOye\Automation.cs:line 125&#xD;
</StackTrace>
        </ErrorInfo>
      </Output>
    </UnitTestResult>
  </Results>
  <TestDefinitions>
    <UnitTest name="LoginButton_Invalid" storage="c:\users\kc\source\repos\priceoye\priceoye\bin\debug\priceoye.dll" id="2a0d1b7f-fb84-4a7c-ec48-5e2b9fd5ddc9">
      <Execution id="68f05c09-df81-4ba6-8b0f-81723c2614a1" />
      <TestMethod codeBase="C:\Users\kc\source\repos\PriceOye\PriceOye\bin\Debug\PriceOye.dll" adapterTypeName="executor://mstestadapter/v2" className="PriceOye.Automation" name="LoginButton_Invalid" />
    </UnitTest>
    <UnitTest name="ForElementText" storage="c:\users\kc\source\repos\priceoye\priceoye\bin\debug\priceoye.dll" id="85f12f60-a83c-47f0-bd9f-3b050c03b586">
      <Execution id="1f83ce4c-5152-4cb0-b815-6905bf9d2372" />
      <TestMethod codeBase="C:\Users\kc\source\repos\PriceOye\PriceOye\bin\Debug\PriceOye.dll" adapterTypeName="executor://mstestadapter/v2" className="PriceOye.Automation" name="ForElementText" />
    </UnitTest>
    <UnitTest name="Registration" storage="c:\users\kc\source\repos\priceoye\priceoye\bin\debug\priceoye.dll" id="0928611a-1ce4-4eb9-87ae-f79d49e273af">
      <Execution id="3ac852fd-6975-482b-894a-7b2f901d6bda" />
      <TestMethod codeBase="C:\Users\kc\source\repos\PriceOye\PriceOye\bin\Debug\PriceOye.dll" adapterTypeName="executor://mstestadapter/v2" className="PriceOye.Automation" name="Registration" />
    </UnitTest>
    <UnitTest name="LoginButton_Valid" storage="c:\users\kc\source\repos\priceoye\priceoye\bin\debug\priceoye.dll" id="5f526f7e-6db2-82d0-1075-754c0173ef74">
      <Execution id="125693e3-92a5-46a4-937a-1f3961dcec9b" />
      <TestMethod codeBase="C:\Users\kc\source\repos\PriceOye\PriceOye\bin\Debug\PriceOye.dll" adapterTypeName="executor://mstestadapter/v2" className="PriceOye.Automation" name="LoginButton_Valid" />
    </UnitTest>
  </TestDefinitions>
  <TestEntries>
    <TestEntry testId="2a0d1b7f-fb84-4a7c-ec48-5e2b9fd5ddc9" executionId="68f05c09-df81-4ba6-8b0f-81723c2614a1" testListId="8c84fa94-04c1-424b-9868-57a2d4851a1d" />
    <TestEntry testId="85f12f60-a83c-47f0-bd9f-3b050c03b586" executionId="1f83ce4c-5152-4cb0-b815-6905bf9d2372" testListId="8c84fa94-04c1-424b-9868-57a2d4851a1d" />
    <TestEntry testId="5f526f7e-6db2-82d0-1075-754c0173ef74" executionId="125693e3-92a5-46a4-937a-1f3961dcec9b" testListId="8c84fa94-04c1-424b-9868-57a2d4851a1d" />
    <TestEntry testId="0928611a-1ce4-4eb9-87ae-f79d49e273af" executionId="3ac852fd-6975-482b-894a-7b2f901d6bda" testListId="8c84fa94-04c1-424b-9868-57a2d4851a1d" />
  </TestEntries>
  <TestLists>
    <TestList name="Results Not in a List" id="8c84fa94-04c1-424b-9868-57a2d4851a1d" />
    <TestList name="All Loaded Results" id="19431567-8539-422a-85d7-44ee4e166bda" />
  </TestLists>
  <ResultSummary outcome="Failed">
    <Counters total="4" executed="4" passed="1" failed="3" error="0" timeout="0" aborted="0" inconclusive="0" passedButRunAborted="0" notRunnable="0" notExecuted="0" disconnected="0" warning="0" completed="0" inProgress="0" pending="0" />
    <Output>
      <StdOut>MSTest Executor: Test Parallelization enabled for C:\Users\kc\source\repos\PriceOye\PriceOye\bin\Debug\PriceOye.dll (Workers: 1, Scope: MethodLevel).&#xD;
</StdOut>
    </Output>
  </ResultSummary>
</TestRun>